C:\Rosalia\NavigatableVideos\Third\RANSAC\Source\RANSAC\Debug\ap.obj
C:\Rosalia\NavigatableVideos\Third\RANSAC\Source\RANSAC\Debug\bidiagonal.obj
C:\Rosalia\NavigatableVideos\Third\RANSAC\Source\RANSAC\Debug\blas.obj
C:\Rosalia\NavigatableVideos\Third\RANSAC\Source\RANSAC\Debug\cl.command.1.tlog
C:\Rosalia\NavigatableVideos\Third\RANSAC\Source\RANSAC\Debug\CL.read.1.tlog
C:\Rosalia\NavigatableVideos\Third\RANSAC\Source\RANSAC\Debug\CL.write.1.tlog
C:\Rosalia\NavigatableVideos\Third\RANSAC\Source\RANSAC\Debug\link.3760.read.1.tlog
C:\Rosalia\NavigatableVideos\Third\RANSAC\Source\RANSAC\Debug\link.3760.read.2.tlog
C:\Rosalia\NavigatableVideos\Third\RANSAC\Source\RANSAC\Debug\link.3760.write.1.tlog
C:\Rosalia\NavigatableVideos\Third\RANSAC\Source\RANSAC\Debug\link.3760-cvtres.read.1.tlog
C:\Rosalia\NavigatableVideos\Third\RANSAC\Source\RANSAC\Debug\link.3760-cvtres.write.1.tlog
C:\Rosalia\NavigatableVideos\Third\RANSAC\Source\RANSAC\Debug\link.command.1.tlog
C:\Rosalia\NavigatableVideos\Third\RANSAC\Source\RANSAC\Debug\link.read.1.tlog
C:\Rosalia\NavigatableVideos\Third\RANSAC\Source\RANSAC\Debug\link.read.2.tlog
C:\Rosalia\NavigatableVideos\Third\RANSAC\Source\RANSAC\Debug\link.write.1.tlog
C:\Rosalia\NavigatableVideos\Third\RANSAC\Source\RANSAC\Debug\link-cvtres.read.1.tlog
C:\Rosalia\NavigatableVideos\Third\RANSAC\Source\RANSAC\Debug\link-cvtres.write.1.tlog
C:\Rosalia\NavigatableVideos\Third\RANSAC\Source\RANSAC\Debug\main.obj
C:\Rosalia\NavigatableVideos\Third\RANSAC\Source\RANSAC\Debug\matinv.obj
C:\Rosalia\NavigatableVideos\Third\RANSAC\Source\RANSAC\Debug\mt.command.1.tlog
C:\Rosalia\NavigatableVideos\Third\RANSAC\Source\RANSAC\Debug\mt.read.1.tlog
C:\Rosalia\NavigatableVideos\Third\RANSAC\Source\RANSAC\Debug\mt.write.1.tlog
C:\Rosalia\NavigatableVideos\Third\RANSAC\Source\RANSAC\Debug\RANSAC.exe.embed.manifest
C:\Rosalia\NavigatableVideos\Third\RANSAC\Source\RANSAC\Debug\RANSAC.exe.embed.manifest.res
C:\Rosalia\NavigatableVideos\Third\RANSAC\Source\RANSAC\Debug\RANSAC.exe.intermediate.manifest
C:\Rosalia\NavigatableVideos\Third\RANSAC\Source\RANSAC\Debug\RANSAC.ilk
C:\Rosalia\NavigatableVideos\Third\RANSAC\Source\RANSAC\Debug\Ransac.obj
C:\Rosalia\NavigatableVideos\Third\RANSAC\Source\RANSAC\Debug\RANSAC.pdb
C:\Rosalia\NavigatableVideos\Third\RANSAC\Source\RANSAC\Debug\RANSAC_manifest.rc
C:\Rosalia\NavigatableVideos\Third\RANSAC\Source\RANSAC\Debug\rc.command.1.tlog
C:\Rosalia\NavigatableVideos\Third\RANSAC\Source\RANSAC\Debug\rc.read.1.tlog
C:\Rosalia\NavigatableVideos\Third\RANSAC\Source\RANSAC\Debug\rc.write.1.tlog
C:\Rosalia\NavigatableVideos\Third\RANSAC\Source\RANSAC\Debug\reflections.obj
C:\Rosalia\NavigatableVideos\Third\RANSAC\Source\RANSAC\Debug\rotations.obj
C:\Rosalia\NavigatableVideos\Third\RANSAC\Source\RANSAC\Debug\vc100.idb
C:\Rosalia\NavigatableVideos\Third\RANSAC\Source\RANSAC\Debug\vc100.pdb
C:\USERS\ROSALIA\DOWNLOADS\RANSAC_BETA_V0.01\RANSAC_BETA_V0.01\DEBUG\AP.OBJ
C:\USERS\ROSALIA\DOWNLOADS\RANSAC_BETA_V0.01\RANSAC_BETA_V0.01\DEBUG\BIDIAGONAL.OBJ
C:\USERS\ROSALIA\DOWNLOADS\RANSAC_BETA_V0.01\RANSAC_BETA_V0.01\DEBUG\BLAS.OBJ
C:\USERS\ROSALIA\DOWNLOADS\RANSAC_BETA_V0.01\RANSAC_BETA_V0.01\DEBUG\MAIN.OBJ
C:\USERS\ROSALIA\DOWNLOADS\RANSAC_BETA_V0.01\RANSAC_BETA_V0.01\DEBUG\MATINV.OBJ
C:\USERS\ROSALIA\DOWNLOADS\RANSAC_BETA_V0.01\RANSAC_BETA_V0.01\DEBUG\RANSAC.EXE
C:\USERS\ROSALIA\DOWNLOADS\RANSAC_BETA_V0.01\RANSAC_BETA_V0.01\DEBUG\RANSAC.EXE.EMBED.MANIFEST
C:\USERS\ROSALIA\DOWNLOADS\RANSAC_BETA_V0.01\RANSAC_BETA_V0.01\DEBUG\RANSAC.EXE.EMBED.MANIFEST.RES
C:\USERS\ROSALIA\DOWNLOADS\RANSAC_BETA_V0.01\RANSAC_BETA_V0.01\DEBUG\RANSAC.EXE.INTERMEDIATE.MANIFEST
C:\USERS\ROSALIA\DOWNLOADS\RANSAC_BETA_V0.01\RANSAC_BETA_V0.01\DEBUG\RANSAC.ILK
C:\USERS\ROSALIA\DOWNLOADS\RANSAC_BETA_V0.01\RANSAC_BETA_V0.01\DEBUG\RANSAC.OBJ
C:\USERS\ROSALIA\DOWNLOADS\RANSAC_BETA_V0.01\RANSAC_BETA_V0.01\DEBUG\RANSAC.PDB
C:\USERS\ROSALIA\DOWNLOADS\RANSAC_BETA_V0.01\RANSAC_BETA_V0.01\DEBUG\REFLECTIONS.OBJ
C:\USERS\ROSALIA\DOWNLOADS\RANSAC_BETA_V0.01\RANSAC_BETA_V0.01\DEBUG\ROTATIONS.OBJ
C:\USERS\ROSALIA\DOWNLOADS\RANSAC_BETA_V0.01\RANSAC_BETA_V0.01\DEBUG\VC100.PDB
