Build started 7/6/2011 12:58:42 PM.
     1>Project "C:\Rosalia\NavigatableVideos\Third\RANSAC\Source\RANSAC\RANSAC.vcxproj" on node 2 (rebuild target(s)).
     1>_PrepareForClean:
         Deleting file "Debug\RANSAC.lastbuildstate".
       InitializeBuildStatus:
         Creating "Debug\RANSAC.unsuccessfulbuild" because "AlwaysCreate" was specified.
       ClCompile:
         c:\Program Files (x86)\Microsoft Visual Studio 10.0\VC\bin\CL.exe /c /ZI /nologo /W3 /WX- /Od /Oy- /D WIN32 /D _DEBUG /D _CONSOLE /D _UNICODE /D UNICODE /Gm /EHsc /RTC1 /MDd /GS /fp:precise /Zc:wchar_t /Zc:forScope /Fo"Debug\\" /Fd"Debug\vc100.pdb" /Gd /TP /analyze- /errorReport:prompt main.cpp matinv.cpp Ransac.cpp
         Ransac.cpp
         matinv.cpp
         main.cpp
         Generating Code...
       ManifestResourceCompile:
         C:\Program Files (x86)\Microsoft SDKs\Windows\v7.0A\bin\rc.exe /nologo /fo"Debug\RANSAC.exe.embed.manifest.res" Debug\RANSAC_manifest.rc 
       Link:
         c:\Program Files (x86)\Microsoft Visual Studio 10.0\VC\bin\link.exe /ERRORREPORT:PROMPT /OUT:"C:\Rosalia\NavigatableVideos\Third\RANSAC\Source\Debug\RANSAC.exe" /INCREMENTAL /NOLOGO /LIBPATH:.\ SVD.lib kernel32.lib user32.lib gdi32.lib winspool.lib comdlg32.lib advapi32.lib shell32.lib ole32.lib oleaut32.lib uuid.lib odbc32.lib odbccp32.lib /MANIFEST /ManifestFile:"Debug\RANSAC.exe.intermediate.manifest" /MANIFESTUAC:"level='asInvoker' uiAccess='false'" /DEBUG /PDB:"C:\Rosalia\NavigatableVideos\Third\RANSAC\Source\Debug\RANSAC.pdb" /SUBSYSTEM:CONSOLE /TLBID:1 /DYNAMICBASE /NXCOMPAT /IMPLIB:"C:\Rosalia\NavigatableVideos\Third\RANSAC\Source\Debug\RANSAC.lib" /MACHINE:X86 Debug\RANSAC.exe.embed.manifest.res
         Debug\main.obj
         Debug\matinv.obj
         Debug\Ransac.obj
     1>SVD.lib(ap.obj) : warning LNK4099: PDB 'vc100.pdb' was not found with 'SVD.lib(ap.obj)' or at 'C:\Rosalia\NavigatableVideos\Third\RANSAC\Source\Debug\vc100.pdb'; linking object as if no debug info
     1>SVD.lib(bdsvd.obj) : warning LNK4099: PDB 'vc100.pdb' was not found with 'SVD.lib(bdsvd.obj)' or at 'C:\Rosalia\NavigatableVideos\Third\RANSAC\Source\Debug\vc100.pdb'; linking object as if no debug info
     1>SVD.lib(bidiagonal.obj) : warning LNK4099: PDB 'vc100.pdb' was not found with 'SVD.lib(bidiagonal.obj)' or at 'C:\Rosalia\NavigatableVideos\Third\RANSAC\Source\Debug\vc100.pdb'; linking object as if no debug info
     1>SVD.lib(blas.obj) : warning LNK4099: PDB 'vc100.pdb' was not found with 'SVD.lib(blas.obj)' or at 'C:\Rosalia\NavigatableVideos\Third\RANSAC\Source\Debug\vc100.pdb'; linking object as if no debug info
     1>SVD.lib(lq.obj) : warning LNK4099: PDB 'vc100.pdb' was not found with 'SVD.lib(lq.obj)' or at 'C:\Rosalia\NavigatableVideos\Third\RANSAC\Source\Debug\vc100.pdb'; linking object as if no debug info
     1>SVD.lib(qr.obj) : warning LNK4099: PDB 'vc100.pdb' was not found with 'SVD.lib(qr.obj)' or at 'C:\Rosalia\NavigatableVideos\Third\RANSAC\Source\Debug\vc100.pdb'; linking object as if no debug info
     1>SVD.lib(reflections.obj) : warning LNK4099: PDB 'vc100.pdb' was not found with 'SVD.lib(reflections.obj)' or at 'C:\Rosalia\NavigatableVideos\Third\RANSAC\Source\Debug\vc100.pdb'; linking object as if no debug info
     1>SVD.lib(rotations.obj) : warning LNK4099: PDB 'vc100.pdb' was not found with 'SVD.lib(rotations.obj)' or at 'C:\Rosalia\NavigatableVideos\Third\RANSAC\Source\Debug\vc100.pdb'; linking object as if no debug info
     1>SVD.lib(svd.obj) : warning LNK4099: PDB 'vc100.pdb' was not found with 'SVD.lib(svd.obj)' or at 'C:\Rosalia\NavigatableVideos\Third\RANSAC\Source\Debug\vc100.pdb'; linking object as if no debug info
       Manifest:
         Deleting file "Debug\RANSAC.exe.embed.manifest".
         C:\Program Files (x86)\Microsoft SDKs\Windows\v7.0A\bin\mt.exe /nologo /verbose /out:"Debug\RANSAC.exe.embed.manifest" /manifest Debug\RANSAC.exe.intermediate.manifest
         C:\Program Files (x86)\Microsoft SDKs\Windows\v7.0A\bin\rc.exe /nologo /fo"Debug\RANSAC.exe.embed.manifest.res" Debug\RANSAC_manifest.rc 
       LinkEmbedManifest:
         c:\Program Files (x86)\Microsoft Visual Studio 10.0\VC\bin\link.exe /ERRORREPORT:PROMPT /OUT:"C:\Rosalia\NavigatableVideos\Third\RANSAC\Source\Debug\RANSAC.exe" /INCREMENTAL /NOLOGO /LIBPATH:.\ SVD.lib kernel32.lib user32.lib gdi32.lib winspool.lib comdlg32.lib advapi32.lib shell32.lib ole32.lib oleaut32.lib uuid.lib odbc32.lib odbccp32.lib /MANIFEST /ManifestFile:"Debug\RANSAC.exe.intermediate.manifest" /MANIFESTUAC:"level='asInvoker' uiAccess='false'" /DEBUG /PDB:"C:\Rosalia\NavigatableVideos\Third\RANSAC\Source\Debug\RANSAC.pdb" /SUBSYSTEM:CONSOLE /TLBID:1 /DYNAMICBASE /NXCOMPAT /IMPLIB:"C:\Rosalia\NavigatableVideos\Third\RANSAC\Source\Debug\RANSAC.lib" /MACHINE:X86 Debug\RANSAC.exe.embed.manifest.res
         Debug\main.obj
         Debug\matinv.obj
         Debug\Ransac.obj
     1>SVD.lib(ap.obj) : warning LNK4099: PDB 'vc100.pdb' was not found with 'SVD.lib(ap.obj)' or at 'C:\Rosalia\NavigatableVideos\Third\RANSAC\Source\Debug\vc100.pdb'; linking object as if no debug info
     1>SVD.lib(bdsvd.obj) : warning LNK4099: PDB 'vc100.pdb' was not found with 'SVD.lib(bdsvd.obj)' or at 'C:\Rosalia\NavigatableVideos\Third\RANSAC\Source\Debug\vc100.pdb'; linking object as if no debug info
     1>SVD.lib(bidiagonal.obj) : warning LNK4099: PDB 'vc100.pdb' was not found with 'SVD.lib(bidiagonal.obj)' or at 'C:\Rosalia\NavigatableVideos\Third\RANSAC\Source\Debug\vc100.pdb'; linking object as if no debug info
     1>SVD.lib(blas.obj) : warning LNK4099: PDB 'vc100.pdb' was not found with 'SVD.lib(blas.obj)' or at 'C:\Rosalia\NavigatableVideos\Third\RANSAC\Source\Debug\vc100.pdb'; linking object as if no debug info
     1>SVD.lib(lq.obj) : warning LNK4099: PDB 'vc100.pdb' was not found with 'SVD.lib(lq.obj)' or at 'C:\Rosalia\NavigatableVideos\Third\RANSAC\Source\Debug\vc100.pdb'; linking object as if no debug info
     1>SVD.lib(qr.obj) : warning LNK4099: PDB 'vc100.pdb' was not found with 'SVD.lib(qr.obj)' or at 'C:\Rosalia\NavigatableVideos\Third\RANSAC\Source\Debug\vc100.pdb'; linking object as if no debug info
     1>SVD.lib(reflections.obj) : warning LNK4099: PDB 'vc100.pdb' was not found with 'SVD.lib(reflections.obj)' or at 'C:\Rosalia\NavigatableVideos\Third\RANSAC\Source\Debug\vc100.pdb'; linking object as if no debug info
     1>SVD.lib(rotations.obj) : warning LNK4099: PDB 'vc100.pdb' was not found with 'SVD.lib(rotations.obj)' or at 'C:\Rosalia\NavigatableVideos\Third\RANSAC\Source\Debug\vc100.pdb'; linking object as if no debug info
     1>SVD.lib(svd.obj) : warning LNK4099: PDB 'vc100.pdb' was not found with 'SVD.lib(svd.obj)' or at 'C:\Rosalia\NavigatableVideos\Third\RANSAC\Source\Debug\vc100.pdb'; linking object as if no debug info
         RANSAC.vcxproj -> C:\Rosalia\NavigatableVideos\Third\RANSAC\Source\Debug\RANSAC.exe
       FinalizeBuildStatus:
         Deleting file "Debug\RANSAC.unsuccessfulbuild".
         Touching "Debug\RANSAC.lastbuildstate".
     1>Done Building Project "C:\Rosalia\NavigatableVideos\Third\RANSAC\Source\RANSAC\RANSAC.vcxproj" (rebuild target(s)).

Build succeeded.

Time Elapsed 00:00:03.77
